<?xml version="1.0" encoding="UTF-8"?>
<!-- Generated by org.testng.reporters.JUnitReportReporter -->
<testsuite hostname="santoshs-MacBook-Pro.local" failures="0" tests="1" name="com.selenium.com.selemium.SelRuff1001" time="61.137" errors="0" timestamp="2023-01-10T22:52:35 IST" skipped="0">
  <testcase classname="com.selenium.com.selemium.SelRuff1001" name="ruffwork" time="61.137"/>
  <system-out/>
</testsuite> <!-- com.selenium.com.selemium.SelRuff1001 -->
