<?xml version="1.0" encoding="UTF-8"?>
<!-- Generated by org.testng.reporters.JUnitReportReporter -->
<testsuite hostname="santoshs-MacBook-Pro.local" failures="0" tests="1" name="com.selenium.com.selemium.Keyword_Actions" time="100.668" errors="0" timestamp="2023-01-11T15:26:12 IST" skipped="0">
  <testcase classname="com.selenium.com.selemium.Keyword_Actions" name="keyboadAction" time="100.668"/>
  <system-out/>
</testsuite> <!-- com.selenium.com.selemium.Keyword_Actions -->
