<?xml version="1.0" encoding="UTF-8"?>
<!-- Generated by org.testng.reporters.JUnitReportReporter -->
<testsuite hostname="santoshs-MacBook-Pro.local" failures="0" tests="1" name="PageObjectModel.pageObjectMainClass" time="29.893" errors="0" timestamp="2023-01-02T21:12:57 IST" skipped="0">
  <testcase classname="PageObjectModel.pageObjectMainClass" name="verifyFlight" time="29.893"/>
  <system-out/>
</testsuite> <!-- PageObjectModel.pageObjectMainClass -->
