<?xml version="1.0" encoding="UTF-8"?>
<!-- Generated by org.testng.reporters.JUnitReportReporter -->
<testsuite hostname="santoshs-MBP.Dlink" failures="0" tests="1" name="com.selenium.com.selemium.selRuff_0701" time="11.331" errors="0" timestamp="2023-01-07T11:52:47 IST" skipped="0">
  <testcase classname="com.selenium.com.selemium.selRuff_0701" name="ruffwork" time="11.331"/>
  <system-out/>
</testsuite> <!-- com.selenium.com.selemium.selRuff_0701 -->
