<?xml version="1.0" encoding="UTF-8"?>
<!-- Generated by org.testng.reporters.JUnitReportReporter -->
<testsuite hostname="santoshs-MacBook-Pro.local" failures="0" tests="1" name="com.selenium.com.selemium.SelRuff2001" time="89.429" errors="0" timestamp="2023-01-20T17:33:02 IST" skipped="0">
  <testcase classname="com.selenium.com.selemium.SelRuff2001" name="seltest" time="89.429"/>
  <system-out/>
</testsuite> <!-- com.selenium.com.selemium.SelRuff2001 -->
