<?xml version="1.0" encoding="UTF-8"?>
<!-- Generated by org.testng.reporters.JUnitReportReporter -->
<testsuite hostname="santoshs-MacBook-Pro.local" failures="0" tests="1" name="com.selenium.com.selemium.MultipleWindows_Handles" time="11.161" errors="0" timestamp="2023-01-03T21:42:20 IST" skipped="0">
  <testcase classname="com.selenium.com.selemium.MultipleWindows_Handles" name="multi_Windows" time="11.161"/>
  <system-out/>
</testsuite> <!-- com.selenium.com.selemium.MultipleWindows_Handles -->
