<?xml version="1.0" encoding="UTF-8"?>
<!-- Generated by org.testng.reporters.JUnitReportReporter -->
<testsuite hostname="santoshs-MacBook-Pro.local" failures="0" tests="1" name="com.selenium.com.selemium.SelRuff1101" time="138.889" errors="0" timestamp="2023-01-11T15:23:03 IST" skipped="0">
  <testcase classname="com.selenium.com.selemium.SelRuff1101" name="cookie" time="138.889"/>
  <system-out/>
</testsuite> <!-- com.selenium.com.selemium.SelRuff1101 -->
