<?xml version="1.0" encoding="UTF-8"?>
<!-- Generated by org.testng.reporters.JUnitReportReporter -->
<testsuite hostname="santoshs-MacBook-Pro.local" failures="0" tests="1" name="com.selenium.com.selemium.SelRuff_3Jan" time="14.308" errors="0" timestamp="2023-01-03T19:15:57 IST" skipped="0">
  <testcase classname="com.selenium.com.selemium.SelRuff_3Jan" name="checkBrokenLink" time="14.308"/>
  <system-out/>
</testsuite> <!-- com.selenium.com.selemium.SelRuff_3Jan -->
