<?xml version="1.0" encoding="UTF-8"?>
<!-- Generated by org.testng.reporters.JUnitReportReporter -->
<testsuite hostname="santoshs-MacBook-Pro.local" failures="0" tests="1" name="com.selenium.com.selemium.SelRuff1601" time="69.371" errors="0" timestamp="2023-01-16T12:24:52 IST" skipped="0">
  <testcase classname="com.selenium.com.selemium.SelRuff1601" name="launchrul" time="69.371"/>
  <system-out/>
</testsuite> <!-- com.selenium.com.selemium.SelRuff1601 -->
