<?xml version="1.0" encoding="UTF-8"?>
<!-- Generated by org.testng.reporters.JUnitReportReporter -->
<testsuite hostname="santoshs-MacBook-Pro.local" failures="0" tests="1" name="com.selenium.com.selemium.SelRuff3101" time="67.970" errors="0" timestamp="2023-02-01T12:26:48 IST" skipped="0">
  <testcase classname="com.selenium.com.selemium.SelRuff3101" name="test" time="67.970"/>
  <system-out/>
</testsuite> <!-- com.selenium.com.selemium.SelRuff3101 -->
