<?xml version="1.0" encoding="UTF-8"?>
<!-- Generated by org.testng.reporters.JUnitReportReporter -->
<testsuite hostname="santoshs-MBP.Dlink" failures="0" tests="1" name="com.selenium.com.selemium.BrokenLinks_Demo0701" time="84.327" errors="0" timestamp="2023-01-07T12:11:18 IST" skipped="0">
  <testcase classname="com.selenium.com.selemium.BrokenLinks_Demo0701" name="brokenLink" time="84.327"/>
  <system-out/>
</testsuite> <!-- com.selenium.com.selemium.BrokenLinks_Demo0701 -->
