<?xml version="1.0" encoding="UTF-8"?>
<!-- Generated by org.testng.reporters.JUnitReportReporter -->
<testsuite hostname="santoshs-MacBook-Pro.local" failures="0" tests="1" name="com.selenium.com.selemium.WebDrivers.ListofWebDriver_Commands" time="0.018" errors="0" timestamp="2023-01-13T17:24:56 IST" skipped="0">
  <testcase classname="com.selenium.com.selemium.WebDrivers.ListofWebDriver_Commands" name="webDriverCommands" time="0.018"/>
  <system-out/>
</testsuite> <!-- com.selenium.com.selemium.WebDrivers.ListofWebDriver_Commands -->
