<?xml version="1.0" encoding="UTF-8"?>
<!-- Generated by org.testng.reporters.JUnitReportReporter -->
<testsuite hostname="santoshs-MacBook-Pro.local" failures="0" tests="1" name="com.selenium.com.selemium.SelRuff1201" time="29.432" errors="0" timestamp="2023-01-12T22:15:49 IST" skipped="0">
  <testcase classname="com.selenium.com.selemium.SelRuff1201" name="test" time="29.432"/>
  <system-out/>
</testsuite> <!-- com.selenium.com.selemium.SelRuff1201 -->
