<?xml version="1.0" encoding="UTF-8"?>
<!-- Generated by org.testng.reporters.JUnitReportReporter -->
<testsuite hostname="santoshs-MacBook-Pro.local" failures="0" tests="1" name="com.selenium.com.selemium.Selruff2101" time="16.976" errors="0" timestamp="2023-01-21T12:29:31 IST" skipped="0">
  <testcase classname="com.selenium.com.selemium.Selruff2101" name="firefox" time="16.976"/>
  <system-out/>
</testsuite> <!-- com.selenium.com.selemium.Selruff2101 -->
