<?xml version="1.0" encoding="UTF-8"?>
<!-- Generated by org.testng.reporters.JUnitReportReporter -->
<testsuite hostname="santoshs-MacBook-Pro.local" failures="0" tests="1" name="com.selenium.com.selemium.SelPractice2401" time="22.209" errors="0" timestamp="2023-01-24T11:33:50 IST" skipped="0">
  <testcase classname="com.selenium.com.selemium.SelPractice2401" name="practice" time="22.209"/>
  <system-out/>
</testsuite> <!-- com.selenium.com.selemium.SelPractice2401 -->
