<?xml version="1.0" encoding="UTF-8"?>
<!-- Generated by org.testng.reporters.JUnitReportReporter -->
<testsuite hostname="santoshs-MacBook-Pro.local" failures="0" tests="1" name="com.selenium.com.selemium.DatePicker_Demo1" time="43.575" errors="0" timestamp="2023-02-09T17:03:51 IST" skipped="0">
  <testcase classname="com.selenium.com.selemium.DatePicker_Demo1" name="DatePicker" time="43.575"/>
  <system-out/>
</testsuite> <!-- com.selenium.com.selemium.DatePicker_Demo1 -->
