<?xml version="1.0" encoding="UTF-8"?>
<!-- Generated by org.testng.reporters.JUnitReportReporter -->
<testsuite hostname="santoshs-MacBook-Pro.local" failures="0" tests="1" name="PageObjectModel.TestNGDemo" time="0.018" errors="0" timestamp="2023-01-01T15:47:14 IST" skipped="0">
  <testcase classname="PageObjectModel.TestNGDemo" name="demo" time="0.018"/>
  <system-out/>
</testsuite> <!-- PageObjectModel.TestNGDemo -->
