<?xml version="1.0" encoding="UTF-8"?>
<!-- Generated by org.testng.reporters.JUnitReportReporter -->
<testsuite hostname="santoshs-MBP.Dlink" failures="0" tests="1" name="com.selenium.com.selemium.Cookie_Demo2" time="13.683" errors="0" timestamp="2023-01-07T11:18:49 IST" skipped="0">
  <testcase classname="com.selenium.com.selemium.Cookie_Demo2" name="cookietest" time="13.683"/>
  <system-out/>
</testsuite> <!-- com.selenium.com.selemium.Cookie_Demo2 -->
